c:\users\brad\desktop\aiemathsgame\trunk\mathsgame\intermediate\vc140.pdb
c:\users\brad\desktop\aiemathsgame\trunk\mathsgame\intermediate\factory.obj
c:\users\brad\desktop\aiemathsgame\trunk\mathsgame\intermediate\application2d.obj
c:\users\brad\desktop\aiemathsgame\trunk\mathsgame\intermediate\vc140.idb
c:\users\brad\desktop\aiemathsgame\trunk\mathsgame\intermediate\enemy_entity.obj
c:\users\brad\desktop\aiemathsgame\trunk\mathsgame\intermediate\mount_entity.obj
c:\users\brad\desktop\aiemathsgame\trunk\mathsgame\intermediate\partition.obj
c:\users\brad\desktop\aiemathsgame\trunk\mathsgame\intermediate\player_entity.obj
c:\users\brad\desktop\aiemathsgame\trunk\mathsgame\intermediate\seat_entity.obj
c:\users\brad\desktop\aiemathsgame\trunk\mathsgame\intermediate\weapon_entity.obj
c:\users\brad\desktop\aiemathsgame\trunk\mathsgame\intermediate\car_entity.obj
c:\users\brad\desktop\aiemathsgame\trunk\mathsgame\intermediate\base_entity.obj
c:\users\brad\desktop\aiemathsgame\trunk\mathsgame\intermediate\bsp_generator.obj
c:\users\brad\desktop\aiemathsgame\trunk\mathsgame\intermediate\circle.obj
c:\users\brad\desktop\aiemathsgame\trunk\mathsgame\intermediate\container.obj
c:\users\brad\desktop\aiemathsgame\trunk\mathsgame\intermediate\line.obj
c:\users\brad\desktop\aiemathsgame\trunk\mathsgame\intermediate\main.obj
c:\users\brad\desktop\aiemathsgame\trunk\mathsgame\intermediate\path.obj
c:\users\brad\desktop\aiemathsgame\trunk\mathsgame\intermediate\point.obj
c:\users\brad\desktop\aiemathsgame\trunk\mathsgame\intermediate\polygon.obj
c:\users\brad\desktop\aiemathsgame\trunk\mathsgame\intermediate\wall_entity.obj
c:\users\brad\desktop\aiemathsgame\trunk\mathsgame\intermediate\aabb.obj
c:\users\brad\desktop\aiemathsgame\trunk\mathsgame\intermediate\projectile_entity.obj
c:\users\brad\desktop\aiemathsgame\trunk\mathsgame\intermediate\physics.obj
c:\users\brad\desktop\aiemathsgame\trunk\mathsgame\intermediate\file_manager.obj
c:\users\brad\desktop\aiemathsgame\trunk\mathsgame\intermediate\collision.obj
c:\users\brad\desktop\aiemathsgame\trunk\mathsgame\intermediate\collider.obj
c:\users\brad\desktop\aiemathsgame\trunk\mathsgame\intermediate\transform.obj
c:\users\brad\desktop\aiemathsgame\trunk\bin\mathsgame_debug.ilk
c:\users\brad\desktop\aiemathsgame\trunk\bin\mathsgame_debug.exe
c:\users\brad\desktop\aiemathsgame\trunk\bin\mathsgame_debug.pdb
c:\users\brad\desktop\aiemathsgame\trunk\bin\mathsgame.exe
c:\users\brad\desktop\aiemathsgame\trunk\bin\mathsgame.ipdb
c:\users\brad\desktop\aiemathsgame\trunk\bin\mathsgame.iobj
c:\users\brad\desktop\aiemathsgame\trunk\bin\mathsgame.pdb
c:\users\brad\desktop\aiemathsgame\trunk\mathsgame\intermediate\mathsgame.vcxprojresolveassemblyreference.cache
c:\users\brad\desktop\aiemathsgame\trunk\mathsgame\intermediate\player_entity.obj.enc
c:\users\brad\desktop\aiemathsgame\trunk\\bin\mathsgame.pdb
c:\users\brad\desktop\aiemathsgame\trunk\\bin\mathsgame.exe
c:\users\brad\desktop\aiemathsgame\trunk\mathsgame\intermediate\mathsgame.tlog\cl.command.1.tlog
c:\users\brad\desktop\aiemathsgame\trunk\mathsgame\intermediate\mathsgame.tlog\cl.read.1.tlog
c:\users\brad\desktop\aiemathsgame\trunk\mathsgame\intermediate\mathsgame.tlog\cl.write.1.tlog
c:\users\brad\desktop\aiemathsgame\trunk\mathsgame\intermediate\mathsgame.tlog\link.command.1.tlog
c:\users\brad\desktop\aiemathsgame\trunk\mathsgame\intermediate\mathsgame.tlog\link.read.1.tlog
c:\users\brad\desktop\aiemathsgame\trunk\mathsgame\intermediate\mathsgame.tlog\link.write.1.tlog
