c:\users\brad\desktop\aiemathsgame\trunk\bin\aiemathslibrary.lib
c:\users\brad\desktop\aiemathsgame\trunk\bin\aiemathslibrary.exp
c:\users\brad\desktop\aiemathsgame\trunk\bin\aiemathslibrary_debug.lib
c:\users\brad\desktop\aiemathsgame\trunk\bin\aiemathslibrary_debug.exp
c:\users\brad\desktop\aiemathsgame\trunk\aiemathslibrary\intermediate\vc140.pdb
c:\users\brad\desktop\aiemathsgame\trunk\aiemathslibrary\intermediate\vector4.obj
c:\users\brad\desktop\aiemathsgame\trunk\aiemathslibrary\intermediate\vector3.obj
c:\users\brad\desktop\aiemathsgame\trunk\aiemathslibrary\intermediate\vector2.obj
c:\users\brad\desktop\aiemathsgame\trunk\aiemathslibrary\intermediate\matrix4.obj
c:\users\brad\desktop\aiemathsgame\trunk\aiemathslibrary\intermediate\matrix3.obj
c:\users\brad\desktop\aiemathsgame\trunk\aiemathslibrary\intermediate\matrix2.obj
c:\users\brad\desktop\aiemathsgame\trunk\aiemathslibrary\intermediate\vc140.idb
c:\users\brad\desktop\aiemathsgame\trunk\bin\aiemathslibrary_debug.ilk
c:\users\brad\desktop\aiemathsgame\trunk\bin\aiemathslibrary_debug.dll
c:\users\brad\desktop\aiemathsgame\trunk\bin\aiemathslibrary_debug.pdb
c:\users\brad\desktop\aiemathsgame\trunk\aiemathslibrary\intermediate\aiemathslibrary.idb
c:\users\brad\desktop\aiemathsgame\trunk\aiemathslibrary\intermediate\aiemathslibrary.pdb
c:\users\brad\desktop\aiemathsgame\trunk\\bin\aiemathslibrary_debug.pdb
c:\users\brad\desktop\aiemathsgame\trunk\\bin\aiemathslibrary_debug.dll
c:\users\brad\desktop\aiemathsgame\trunk\\bin\aiemathslibrary_debug.ilk
c:\users\brad\desktop\aiemathsgame\trunk\aiemathslibrary\intermediate\aiemathslibrary.tlog\aiemathslibrary.write.1u.tlog
c:\users\brad\desktop\aiemathsgame\trunk\aiemathslibrary\intermediate\aiemathslibrary.tlog\cl.command.1.tlog
c:\users\brad\desktop\aiemathsgame\trunk\aiemathslibrary\intermediate\aiemathslibrary.tlog\cl.read.1.tlog
c:\users\brad\desktop\aiemathsgame\trunk\aiemathslibrary\intermediate\aiemathslibrary.tlog\cl.write.1.tlog
c:\users\brad\desktop\aiemathsgame\trunk\aiemathslibrary\intermediate\aiemathslibrary.tlog\lib-link.read.1.tlog
c:\users\brad\desktop\aiemathsgame\trunk\aiemathslibrary\intermediate\aiemathslibrary.tlog\lib-link.write.1.tlog
c:\users\brad\desktop\aiemathsgame\trunk\aiemathslibrary\intermediate\aiemathslibrary.tlog\lib.command.1.tlog
c:\users\brad\desktop\aiemathsgame\trunk\aiemathslibrary\intermediate\aiemathslibrary.tlog\link.command.1.tlog
c:\users\brad\desktop\aiemathsgame\trunk\aiemathslibrary\intermediate\aiemathslibrary.tlog\link.read.1.tlog
c:\users\brad\desktop\aiemathsgame\trunk\aiemathslibrary\intermediate\aiemathslibrary.tlog\link.write.1.tlog
