c:\users\brad\desktop\aiemathsgame\trunk\bootstrap\intermediate\bootstrap.pdb
c:\users\brad\desktop\aiemathsgame\trunk\bootstrap\intermediate\texture.obj
c:\users\brad\desktop\aiemathsgame\trunk\bootstrap\intermediate\soundmanager.obj
c:\users\brad\desktop\aiemathsgame\trunk\bootstrap\intermediate\renderer2d.obj
c:\users\brad\desktop\aiemathsgame\trunk\bootstrap\intermediate\input.obj
c:\users\brad\desktop\aiemathsgame\trunk\bootstrap\intermediate\imgui_glfw3.obj
c:\users\brad\desktop\aiemathsgame\trunk\bootstrap\intermediate\gizmos.obj
c:\users\brad\desktop\aiemathsgame\trunk\bootstrap\intermediate\font.obj
c:\users\brad\desktop\aiemathsgame\trunk\bootstrap\intermediate\audio.obj
c:\users\brad\desktop\aiemathsgame\trunk\bootstrap\intermediate\application.obj
c:\users\brad\desktop\aiemathsgame\trunk\bootstrap\intermediate\imgui_draw.obj
c:\users\brad\desktop\aiemathsgame\trunk\bootstrap\intermediate\imgui.obj
c:\users\brad\desktop\aiemathsgame\trunk\bootstrap\intermediate\gl_core_4_4.obj
c:\users\brad\desktop\aiemathsgame\trunk\libs\bootstrap.lib
c:\users\brad\desktop\aiemathsgame\trunk\bootstrap\intermediate\bootstrap.idb
c:\users\brad\desktop\aiemathsgame\trunk\\libs\bootstrap.lib
c:\users\brad\desktop\aiemathsgame\trunk\bootstrap\intermediate\bootstrap.tlog\cl.command.1.tlog
c:\users\brad\desktop\aiemathsgame\trunk\bootstrap\intermediate\bootstrap.tlog\cl.read.1.tlog
c:\users\brad\desktop\aiemathsgame\trunk\bootstrap\intermediate\bootstrap.tlog\cl.write.1.tlog
c:\users\brad\desktop\aiemathsgame\trunk\bootstrap\intermediate\bootstrap.tlog\lib-link.read.1.tlog
c:\users\brad\desktop\aiemathsgame\trunk\bootstrap\intermediate\bootstrap.tlog\lib-link.write.1.tlog
c:\users\brad\desktop\aiemathsgame\trunk\bootstrap\intermediate\bootstrap.tlog\lib.command.1.tlog
